usage: java org.apache.catalina.startup.Catalina [ -config {pathname} ] [ -nonaming ]  { -help | start | stop }
07-Oct-2016 09:05:58.528 INFO [main] org.apache.catalina.core.AprLifecycleListener.init The APR based Apache Tomcat Native library which allows optimal performance in production environments was not found on the java.library.path: /usr/java/packages/lib/amd64:/usr/lib64:/lib64:/lib:/usr/lib
07-Oct-2016 09:05:58.647 INFO [main] org.apache.coyote.AbstractProtocol.init Initializing ProtocolHandler ["http-nio-8080"]
07-Oct-2016 09:05:58.656 INFO [main] org.apache.tomcat.util.net.NioSelectorPool.getSharedSelector Using a shared selector for servlet write/read
07-Oct-2016 09:05:58.657 INFO [main] org.apache.coyote.AbstractProtocol.init Initializing ProtocolHandler ["ajp-nio-8009"]
07-Oct-2016 09:05:58.658 INFO [main] org.apache.tomcat.util.net.NioSelectorPool.getSharedSelector Using a shared selector for servlet write/read
07-Oct-2016 09:05:58.658 INFO [main] org.apache.catalina.startup.Catalina.load Initialization processed in 289 ms
07-Oct-2016 09:05:58.672 INFO [main] org.apache.catalina.core.StandardService.startInternal Démarrage du service Catalina
07-Oct-2016 09:05:58.672 INFO [main] org.apache.catalina.core.StandardEngine.startInternal Starting Servlet Engine: Apache Tomcat/8.0.12
07-Oct-2016 09:05:58.680 INFO [localhost-startStop-1] org.apache.catalina.startup.HostConfig.deployDirectory Déploiement du répertoire /home/infoetu/prochnof/Bureau/tomcat8light/tomcat8/webapps/vide de l'application web
07-Oct-2016 09:05:58.864 INFO [localhost-startStop-1] org.apache.catalina.startup.HostConfig.deployDirectory Deployment of web application directory /home/infoetu/prochnof/Bureau/tomcat8light/tomcat8/webapps/vide has finished in 184 ms
07-Oct-2016 09:05:58.864 INFO [localhost-startStop-1] org.apache.catalina.startup.HostConfig.deployDirectory Déploiement du répertoire /home/infoetu/prochnof/Bureau/tomcat8light/tomcat8/webapps/manager de l'application web
07-Oct-2016 09:05:58.901 INFO [localhost-startStop-1] org.apache.catalina.startup.HostConfig.deployDirectory Deployment of web application directory /home/infoetu/prochnof/Bureau/tomcat8light/tomcat8/webapps/manager has finished in 37 ms
07-Oct-2016 09:05:58.901 INFO [localhost-startStop-1] org.apache.catalina.startup.HostConfig.deployDirectory Déploiement du répertoire /home/infoetu/prochnof/Bureau/tomcat8light/tomcat8/webapps/host-manager de l'application web
07-Oct-2016 09:05:58.922 INFO [localhost-startStop-1] org.apache.catalina.startup.HostConfig.deployDirectory Deployment of web application directory /home/infoetu/prochnof/Bureau/tomcat8light/tomcat8/webapps/host-manager has finished in 21 ms
07-Oct-2016 09:05:58.922 INFO [localhost-startStop-1] org.apache.catalina.startup.HostConfig.deployDirectory Déploiement du répertoire /home/infoetu/prochnof/Bureau/tomcat8light/tomcat8/webapps/__MACOSX de l'application web
07-Oct-2016 09:05:58.933 INFO [localhost-startStop-1] org.apache.catalina.startup.HostConfig.deployDirectory Deployment of web application directory /home/infoetu/prochnof/Bureau/tomcat8light/tomcat8/webapps/__MACOSX has finished in 11 ms
07-Oct-2016 09:05:58.933 INFO [localhost-startStop-1] org.apache.catalina.startup.HostConfig.deployDirectory Déploiement du répertoire /home/infoetu/prochnof/Bureau/tomcat8light/tomcat8/webapps/ROOT de l'application web
07-Oct-2016 09:05:58.945 INFO [localhost-startStop-1] org.apache.catalina.startup.HostConfig.deployDirectory Deployment of web application directory /home/infoetu/prochnof/Bureau/tomcat8light/tomcat8/webapps/ROOT has finished in 12 ms
07-Oct-2016 09:05:58.947 INFO [main] org.apache.coyote.AbstractProtocol.start Starting ProtocolHandler ["http-nio-8080"]
07-Oct-2016 09:05:58.959 INFO [main] org.apache.coyote.AbstractProtocol.start Starting ProtocolHandler ["ajp-nio-8009"]
07-Oct-2016 09:05:58.960 INFO [main] org.apache.catalina.startup.Catalina.start Server startup in 301 ms
07-Oct-2016 09:06:04.750 INFO [main] org.apache.catalina.core.AprLifecycleListener.init The APR based Apache Tomcat Native library which allows optimal performance in production environments was not found on the java.library.path: /usr/java/packages/lib/amd64:/usr/lib64:/lib64:/lib:/usr/lib
07-Oct-2016 09:06:04.867 INFO [main] org.apache.coyote.AbstractProtocol.init Initializing ProtocolHandler ["http-nio-8080"]
07-Oct-2016 09:06:04.874 SEVERE [main] org.apache.coyote.AbstractProtocol.init Failed to initialize end point associated with ProtocolHandler ["http-nio-8080"]
 java.net.BindException: Adresse déjà utilisée
	at sun.nio.ch.Net.bind0(Native Method)
	at sun.nio.ch.Net.bind(Net.java:433)
	at sun.nio.ch.Net.bind(Net.java:425)
	at sun.nio.ch.ServerSocketChannelImpl.bind(ServerSocketChannelImpl.java:223)
	at sun.nio.ch.ServerSocketAdaptor.bind(ServerSocketAdaptor.java:74)
	at org.apache.tomcat.util.net.NioEndpoint.bind(NioEndpoint.java:343)
	at org.apache.tomcat.util.net.AbstractEndpoint.init(AbstractEndpoint.java:730)
	at org.apache.coyote.AbstractProtocol.init(AbstractProtocol.java:456)
	at org.apache.coyote.http11.AbstractHttp11JsseProtocol.init(AbstractHttp11JsseProtocol.java:120)
	at org.apache.catalina.connector.Connector.initInternal(Connector.java:960)
	at org.apache.catalina.util.LifecycleBase.init(LifecycleBase.java:102)
	at org.apache.catalina.core.StandardService.initInternal(StandardService.java:567)
	at org.apache.catalina.util.LifecycleBase.init(LifecycleBase.java:102)
	at org.apache.catalina.core.StandardServer.initInternal(StandardServer.java:842)
	at org.apache.catalina.util.LifecycleBase.init(LifecycleBase.java:102)
	at org.apache.catalina.startup.Catalina.load(Catalina.java:576)
	at org.apache.catalina.startup.Catalina.load(Catalina.java:599)
	at sun.reflect.NativeMethodAccessorImpl.invoke0(Native Method)
	at sun.reflect.NativeMethodAccessorImpl.invoke(NativeMethodAccessorImpl.java:62)
	at sun.reflect.DelegatingMethodAccessorImpl.invoke(DelegatingMethodAccessorImpl.java:43)
	at java.lang.reflect.Method.invoke(Method.java:497)
	at org.apache.catalina.startup.Bootstrap.load(Bootstrap.java:310)
	at org.apache.catalina.startup.Bootstrap.main(Bootstrap.java:484)

07-Oct-2016 09:06:04.877 SEVERE [main] org.apache.catalina.core.StandardService.initInternal Failed to initialize connector [Connector[HTTP/1.1-8080]]
 org.apache.catalina.LifecycleException: Failed to initialize component [Connector[HTTP/1.1-8080]]
	at org.apache.catalina.util.LifecycleBase.init(LifecycleBase.java:106)
	at org.apache.catalina.core.StandardService.initInternal(StandardService.java:567)
	at org.apache.catalina.util.LifecycleBase.init(LifecycleBase.java:102)
	at org.apache.catalina.core.StandardServer.initInternal(StandardServer.java:842)
	at org.apache.catalina.util.LifecycleBase.init(LifecycleBase.java:102)
	at org.apache.catalina.startup.Catalina.load(Catalina.java:576)
	at org.apache.catalina.startup.Catalina.load(Catalina.java:599)
	at sun.reflect.NativeMethodAccessorImpl.invoke0(Native Method)
	at sun.reflect.NativeMethodAccessorImpl.invoke(NativeMethodAccessorImpl.java:62)
	at sun.reflect.DelegatingMethodAccessorImpl.invoke(DelegatingMethodAccessorImpl.java:43)
	at java.lang.reflect.Method.invoke(Method.java:497)
	at org.apache.catalina.startup.Bootstrap.load(Bootstrap.java:310)
	at org.apache.catalina.startup.Bootstrap.main(Bootstrap.java:484)
Caused by: org.apache.catalina.LifecycleException: L''initialisation du gestionnaire de protocole a échoué
	at org.apache.catalina.connector.Connector.initInternal(Connector.java:962)
	at org.apache.catalina.util.LifecycleBase.init(LifecycleBase.java:102)
	... 12 more
Caused by: java.net.BindException: Adresse déjà utilisée
	at sun.nio.ch.Net.bind0(Native Method)
	at sun.nio.ch.Net.bind(Net.java:433)
	at sun.nio.ch.Net.bind(Net.java:425)
	at sun.nio.ch.ServerSocketChannelImpl.bind(ServerSocketChannelImpl.java:223)
	at sun.nio.ch.ServerSocketAdaptor.bind(ServerSocketAdaptor.java:74)
	at org.apache.tomcat.util.net.NioEndpoint.bind(NioEndpoint.java:343)
	at org.apache.tomcat.util.net.AbstractEndpoint.init(AbstractEndpoint.java:730)
	at org.apache.coyote.AbstractProtocol.init(AbstractProtocol.java:456)
	at org.apache.coyote.http11.AbstractHttp11JsseProtocol.init(AbstractHttp11JsseProtocol.java:120)
	at org.apache.catalina.connector.Connector.initInternal(Connector.java:960)
	... 13 more

07-Oct-2016 09:06:04.877 INFO [main] org.apache.coyote.AbstractProtocol.init Initializing ProtocolHandler ["ajp-nio-8009"]
07-Oct-2016 09:06:04.878 SEVERE [main] org.apache.coyote.AbstractProtocol.init Failed to initialize end point associated with ProtocolHandler ["ajp-nio-8009"]
 java.net.BindException: Adresse déjà utilisée
	at sun.nio.ch.Net.bind0(Native Method)
	at sun.nio.ch.Net.bind(Net.java:433)
	at sun.nio.ch.Net.bind(Net.java:425)
	at sun.nio.ch.ServerSocketChannelImpl.bind(ServerSocketChannelImpl.java:223)
	at sun.nio.ch.ServerSocketAdaptor.bind(ServerSocketAdaptor.java:74)
	at org.apache.tomcat.util.net.NioEndpoint.bind(NioEndpoint.java:343)
	at org.apache.tomcat.util.net.AbstractEndpoint.init(AbstractEndpoint.java:730)
	at org.apache.coyote.AbstractProtocol.init(AbstractProtocol.java:456)
	at org.apache.catalina.connector.Connector.initInternal(Connector.java:960)
	at org.apache.catalina.util.LifecycleBase.init(LifecycleBase.java:102)
	at org.apache.catalina.core.StandardService.initInternal(StandardService.java:567)
	at org.apache.catalina.util.LifecycleBase.init(LifecycleBase.java:102)
	at org.apache.catalina.core.StandardServer.initInternal(StandardServer.java:842)
	at org.apache.catalina.util.LifecycleBase.init(LifecycleBase.java:102)
	at org.apache.catalina.startup.Catalina.load(Catalina.java:576)
	at org.apache.catalina.startup.Catalina.load(Catalina.java:599)
	at sun.reflect.NativeMethodAccessorImpl.invoke0(Native Method)
	at sun.reflect.NativeMethodAccessorImpl.invoke(NativeMethodAccessorImpl.java:62)
	at sun.reflect.DelegatingMethodAccessorImpl.invoke(DelegatingMethodAccessorImpl.java:43)
	at java.lang.reflect.Method.invoke(Method.java:497)
	at org.apache.catalina.startup.Bootstrap.load(Bootstrap.java:310)
	at org.apache.catalina.startup.Bootstrap.main(Bootstrap.java:484)

07-Oct-2016 09:06:04.879 SEVERE [main] org.apache.catalina.core.StandardService.initInternal Failed to initialize connector [Connector[AJP/1.3-8009]]
 org.apache.catalina.LifecycleException: Failed to initialize component [Connector[AJP/1.3-8009]]
	at org.apache.catalina.util.LifecycleBase.init(LifecycleBase.java:106)
	at org.apache.catalina.core.StandardService.initInternal(StandardService.java:567)
	at org.apache.catalina.util.LifecycleBase.init(LifecycleBase.java:102)
	at org.apache.catalina.core.StandardServer.initInternal(StandardServer.java:842)
	at org.apache.catalina.util.LifecycleBase.init(LifecycleBase.java:102)
	at org.apache.catalina.startup.Catalina.load(Catalina.java:576)
	at org.apache.catalina.startup.Catalina.load(Catalina.java:599)
	at sun.reflect.NativeMethodAccessorImpl.invoke0(Native Method)
	at sun.reflect.NativeMethodAccessorImpl.invoke(NativeMethodAccessorImpl.java:62)
	at sun.reflect.DelegatingMethodAccessorImpl.invoke(DelegatingMethodAccessorImpl.java:43)
	at java.lang.reflect.Method.invoke(Method.java:497)
	at org.apache.catalina.startup.Bootstrap.load(Bootstrap.java:310)
	at org.apache.catalina.startup.Bootstrap.main(Bootstrap.java:484)
Caused by: org.apache.catalina.LifecycleException: L''initialisation du gestionnaire de protocole a échoué
	at org.apache.catalina.connector.Connector.initInternal(Connector.java:962)
	at org.apache.catalina.util.LifecycleBase.init(LifecycleBase.java:102)
	... 12 more
Caused by: java.net.BindException: Adresse déjà utilisée
	at sun.nio.ch.Net.bind0(Native Method)
	at sun.nio.ch.Net.bind(Net.java:433)
	at sun.nio.ch.Net.bind(Net.java:425)
	at sun.nio.ch.ServerSocketChannelImpl.bind(ServerSocketChannelImpl.java:223)
	at sun.nio.ch.ServerSocketAdaptor.bind(ServerSocketAdaptor.java:74)
	at org.apache.tomcat.util.net.NioEndpoint.bind(NioEndpoint.java:343)
	at org.apache.tomcat.util.net.AbstractEndpoint.init(AbstractEndpoint.java:730)
	at org.apache.coyote.AbstractProtocol.init(AbstractProtocol.java:456)
	at org.apache.catalina.connector.Connector.initInternal(Connector.java:960)
	... 13 more

07-Oct-2016 09:06:04.879 INFO [main] org.apache.catalina.startup.Catalina.load Initialization processed in 287 ms
07-Oct-2016 09:06:04.891 INFO [main] org.apache.catalina.core.StandardService.startInternal Démarrage du service Catalina
07-Oct-2016 09:06:04.891 INFO [main] org.apache.catalina.core.StandardEngine.startInternal Starting Servlet Engine: Apache Tomcat/8.0.12
07-Oct-2016 09:06:04.898 INFO [localhost-startStop-1] org.apache.catalina.startup.HostConfig.deployDirectory Déploiement du répertoire /home/infoetu/prochnof/Bureau/tomcat8light/tomcat8/webapps/vide de l'application web
07-Oct-2016 09:06:05.063 INFO [localhost-startStop-1] org.apache.catalina.startup.HostConfig.deployDirectory Deployment of web application directory /home/infoetu/prochnof/Bureau/tomcat8light/tomcat8/webapps/vide has finished in 164 ms
07-Oct-2016 09:06:05.064 INFO [localhost-startStop-1] org.apache.catalina.startup.HostConfig.deployDirectory Déploiement du répertoire /home/infoetu/prochnof/Bureau/tomcat8light/tomcat8/webapps/manager de l'application web
07-Oct-2016 09:06:05.085 INFO [localhost-startStop-1] org.apache.catalina.startup.HostConfig.deployDirectory Deployment of web application directory /home/infoetu/prochnof/Bureau/tomcat8light/tomcat8/webapps/manager has finished in 21 ms
07-Oct-2016 09:06:05.085 INFO [localhost-startStop-1] org.apache.catalina.startup.HostConfig.deployDirectory Déploiement du répertoire /home/infoetu/prochnof/Bureau/tomcat8light/tomcat8/webapps/host-manager de l'application web
07-Oct-2016 09:06:05.100 INFO [localhost-startStop-1] org.apache.catalina.startup.HostConfig.deployDirectory Deployment of web application directory /home/infoetu/prochnof/Bureau/tomcat8light/tomcat8/webapps/host-manager has finished in 15 ms
07-Oct-2016 09:06:05.100 INFO [localhost-startStop-1] org.apache.catalina.startup.HostConfig.deployDirectory Déploiement du répertoire /home/infoetu/prochnof/Bureau/tomcat8light/tomcat8/webapps/__MACOSX de l'application web
07-Oct-2016 09:06:05.112 INFO [localhost-startStop-1] org.apache.catalina.startup.HostConfig.deployDirectory Deployment of web application directory /home/infoetu/prochnof/Bureau/tomcat8light/tomcat8/webapps/__MACOSX has finished in 12 ms
07-Oct-2016 09:06:05.112 INFO [localhost-startStop-1] org.apache.catalina.startup.HostConfig.deployDirectory Déploiement du répertoire /home/infoetu/prochnof/Bureau/tomcat8light/tomcat8/webapps/ROOT de l'application web
07-Oct-2016 09:06:05.122 INFO [localhost-startStop-1] org.apache.catalina.startup.HostConfig.deployDirectory Deployment of web application directory /home/infoetu/prochnof/Bureau/tomcat8light/tomcat8/webapps/ROOT has finished in 10 ms
07-Oct-2016 09:06:05.124 INFO [main] org.apache.catalina.startup.Catalina.start Server startup in 244 ms
07-Oct-2016 09:06:05.125 SEVERE [main] org.apache.catalina.core.StandardServer.await StandardServer.await: create[localhost:8005]: 
 java.net.BindException: Adresse déjà utilisée
	at java.net.PlainSocketImpl.socketBind(Native Method)
	at java.net.AbstractPlainSocketImpl.bind(AbstractPlainSocketImpl.java:387)
	at java.net.ServerSocket.bind(ServerSocket.java:375)
	at java.net.ServerSocket.<init>(ServerSocket.java:237)
	at org.apache.catalina.core.StandardServer.await(StandardServer.java:420)
	at org.apache.catalina.startup.Catalina.await(Catalina.java:713)
	at org.apache.catalina.startup.Catalina.start(Catalina.java:659)
	at sun.reflect.NativeMethodAccessorImpl.invoke0(Native Method)
	at sun.reflect.NativeMethodAccessorImpl.invoke(NativeMethodAccessorImpl.java:62)
	at sun.reflect.DelegatingMethodAccessorImpl.invoke(DelegatingMethodAccessorImpl.java:43)
	at java.lang.reflect.Method.invoke(Method.java:497)
	at org.apache.catalina.startup.Bootstrap.start(Bootstrap.java:351)
	at org.apache.catalina.startup.Bootstrap.main(Bootstrap.java:485)

07-Oct-2016 09:06:05.125 INFO [main] org.apache.coyote.AbstractProtocol.pause Pausing ProtocolHandler ["http-nio-8080"]
07-Oct-2016 09:06:05.125 INFO [main] org.apache.coyote.AbstractProtocol.pause Pausing ProtocolHandler ["ajp-nio-8009"]
07-Oct-2016 09:06:05.125 INFO [main] org.apache.catalina.core.StandardService.stopInternal Arrêt du service Catalina
07-Oct-2016 09:06:05.139 INFO [main] org.apache.coyote.AbstractProtocol.stop Stopping ProtocolHandler ["http-nio-8080"]
07-Oct-2016 09:06:05.139 INFO [main] org.apache.coyote.AbstractProtocol.destroy Destroying ProtocolHandler ["http-nio-8080"]
07-Oct-2016 09:06:05.139 INFO [main] org.apache.coyote.AbstractProtocol.stop Stopping ProtocolHandler ["ajp-nio-8009"]
07-Oct-2016 09:06:05.139 INFO [main] org.apache.coyote.AbstractProtocol.destroy Destroying ProtocolHandler ["ajp-nio-8009"]
07-Oct-2016 09:06:22.726 INFO [main] org.apache.catalina.core.StandardServer.await A valid shutdown command was received via the shutdown port. Stopping the Server instance.
07-Oct-2016 09:06:22.726 INFO [main] org.apache.coyote.AbstractProtocol.pause Pausing ProtocolHandler ["http-nio-8080"]
07-Oct-2016 09:06:22.778 INFO [main] org.apache.coyote.AbstractProtocol.pause Pausing ProtocolHandler ["ajp-nio-8009"]
07-Oct-2016 09:06:22.828 INFO [main] org.apache.catalina.core.StandardService.stopInternal Arrêt du service Catalina
07-Oct-2016 09:06:22.844 INFO [main] org.apache.coyote.AbstractProtocol.stop Stopping ProtocolHandler ["http-nio-8080"]
07-Oct-2016 09:06:22.844 INFO [main] org.apache.coyote.AbstractProtocol.stop Stopping ProtocolHandler ["ajp-nio-8009"]
07-Oct-2016 09:06:22.845 INFO [main] org.apache.coyote.AbstractProtocol.destroy Destroying ProtocolHandler ["http-nio-8080"]
07-Oct-2016 09:06:22.845 INFO [main] org.apache.coyote.AbstractProtocol.destroy Destroying ProtocolHandler ["ajp-nio-8009"]
usage: java org.apache.catalina.startup.Catalina [ -config {pathname} ] [ -nonaming ]  { -help | start | stop }
21-Oct-2016 09:47:59.180 INFO [main] org.apache.catalina.core.AprLifecycleListener.init The APR based Apache Tomcat Native library which allows optimal performance in production environments was not found on the java.library.path: /usr/java/packages/lib/amd64:/usr/lib64:/lib64:/lib:/usr/lib
21-Oct-2016 09:47:59.312 INFO [main] org.apache.coyote.AbstractProtocol.init Initializing ProtocolHandler ["http-nio-8080"]
21-Oct-2016 09:47:59.320 INFO [main] org.apache.tomcat.util.net.NioSelectorPool.getSharedSelector Using a shared selector for servlet write/read
21-Oct-2016 09:47:59.322 INFO [main] org.apache.coyote.AbstractProtocol.init Initializing ProtocolHandler ["ajp-nio-8009"]
21-Oct-2016 09:47:59.323 INFO [main] org.apache.tomcat.util.net.NioSelectorPool.getSharedSelector Using a shared selector for servlet write/read
21-Oct-2016 09:47:59.323 INFO [main] org.apache.catalina.startup.Catalina.load Initialization processed in 350 ms
21-Oct-2016 09:47:59.347 INFO [main] org.apache.catalina.core.StandardService.startInternal Démarrage du service Catalina
21-Oct-2016 09:47:59.347 INFO [main] org.apache.catalina.core.StandardEngine.startInternal Starting Servlet Engine: Apache Tomcat/8.0.12
21-Oct-2016 09:47:59.355 INFO [localhost-startStop-1] org.apache.catalina.startup.HostConfig.deployDirectory Déploiement du répertoire /home/infoetu/prochnof/Bureau/tomcat8light/tomcat8/webapps/vide de l'application web
21-Oct-2016 09:47:59.647 INFO [localhost-startStop-1] org.apache.jasper.servlet.TldScanner.scanJars At least one JAR was scanned for TLDs yet contained no TLDs. Enable debug logging for this logger for a complete list of JARs that were scanned but no TLDs were found in them. Skipping unneeded JARs during scanning can improve startup time and JSP compilation time.
21-Oct-2016 09:47:59.677 INFO [localhost-startStop-1] org.apache.catalina.startup.HostConfig.deployDirectory Deployment of web application directory /home/infoetu/prochnof/Bureau/tomcat8light/tomcat8/webapps/vide has finished in 321 ms
21-Oct-2016 09:47:59.677 INFO [localhost-startStop-1] org.apache.catalina.startup.HostConfig.deployDirectory Déploiement du répertoire /home/infoetu/prochnof/Bureau/tomcat8light/tomcat8/webapps/manager de l'application web
21-Oct-2016 09:47:59.774 INFO [localhost-startStop-1] org.apache.jasper.servlet.TldScanner.scanJars At least one JAR was scanned for TLDs yet contained no TLDs. Enable debug logging for this logger for a complete list of JARs that were scanned but no TLDs were found in them. Skipping unneeded JARs during scanning can improve startup time and JSP compilation time.
21-Oct-2016 09:47:59.778 INFO [localhost-startStop-1] org.apache.catalina.startup.HostConfig.deployDirectory Deployment of web application directory /home/infoetu/prochnof/Bureau/tomcat8light/tomcat8/webapps/manager has finished in 101 ms
21-Oct-2016 09:47:59.778 INFO [localhost-startStop-1] org.apache.catalina.startup.HostConfig.deployDirectory Déploiement du répertoire /home/infoetu/prochnof/Bureau/tomcat8light/tomcat8/webapps/host-manager de l'application web
21-Oct-2016 09:47:59.844 INFO [localhost-startStop-1] org.apache.jasper.servlet.TldScanner.scanJars At least one JAR was scanned for TLDs yet contained no TLDs. Enable debug logging for this logger for a complete list of JARs that were scanned but no TLDs were found in them. Skipping unneeded JARs during scanning can improve startup time and JSP compilation time.
21-Oct-2016 09:47:59.846 INFO [localhost-startStop-1] org.apache.catalina.startup.HostConfig.deployDirectory Deployment of web application directory /home/infoetu/prochnof/Bureau/tomcat8light/tomcat8/webapps/host-manager has finished in 68 ms
21-Oct-2016 09:47:59.847 INFO [localhost-startStop-1] org.apache.catalina.startup.HostConfig.deployDirectory Déploiement du répertoire /home/infoetu/prochnof/Bureau/tomcat8light/tomcat8/webapps/__MACOSX de l'application web
21-Oct-2016 09:47:59.896 INFO [localhost-startStop-1] org.apache.jasper.servlet.TldScanner.scanJars At least one JAR was scanned for TLDs yet contained no TLDs. Enable debug logging for this logger for a complete list of JARs that were scanned but no TLDs were found in them. Skipping unneeded JARs during scanning can improve startup time and JSP compilation time.
21-Oct-2016 09:47:59.898 INFO [localhost-startStop-1] org.apache.catalina.startup.HostConfig.deployDirectory Deployment of web application directory /home/infoetu/prochnof/Bureau/tomcat8light/tomcat8/webapps/__MACOSX has finished in 51 ms
21-Oct-2016 09:47:59.898 INFO [localhost-startStop-1] org.apache.catalina.startup.HostConfig.deployDirectory Déploiement du répertoire /home/infoetu/prochnof/Bureau/tomcat8light/tomcat8/webapps/ROOT de l'application web
21-Oct-2016 09:47:59.946 INFO [localhost-startStop-1] org.apache.jasper.servlet.TldScanner.scanJars At least one JAR was scanned for TLDs yet contained no TLDs. Enable debug logging for this logger for a complete list of JARs that were scanned but no TLDs were found in them. Skipping unneeded JARs during scanning can improve startup time and JSP compilation time.
21-Oct-2016 09:47:59.949 INFO [localhost-startStop-1] org.apache.catalina.startup.HostConfig.deployDirectory Deployment of web application directory /home/infoetu/prochnof/Bureau/tomcat8light/tomcat8/webapps/ROOT has finished in 51 ms
21-Oct-2016 09:47:59.951 INFO [main] org.apache.coyote.AbstractProtocol.start Starting ProtocolHandler ["http-nio-8080"]
21-Oct-2016 09:47:59.954 INFO [main] org.apache.coyote.AbstractProtocol.start Starting ProtocolHandler ["ajp-nio-8009"]
21-Oct-2016 09:47:59.954 INFO [main] org.apache.catalina.startup.Catalina.start Server startup in 630 ms
21-Oct-2016 10:38:01.577 INFO [ContainerBackgroundProcessor[StandardEngine[Catalina]]] org.apache.catalina.core.StandardContext.reload Le rechargement du contexte [/vide] a démarré
21-Oct-2016 10:38:01.680 INFO [ContainerBackgroundProcessor[StandardEngine[Catalina]]] org.apache.catalina.core.StandardContext.reload Le rechargement de ce contexte est terminé
Connexion driver OK
Connexion base PostreSQL OK
Execution requete OK
Execution affichage OK
Fermeture connexion OK
21-Oct-2016 10:40:01.737 INFO [ContainerBackgroundProcessor[StandardEngine[Catalina]]] org.apache.catalina.core.StandardContext.reload Le rechargement du contexte [/vide] a démarré
21-Oct-2016 10:40:01.802 INFO [ContainerBackgroundProcessor[StandardEngine[Catalina]]] org.apache.catalina.core.StandardContext.reload Le rechargement de ce contexte est terminé
Connexion driver OK
Connexion base PostreSQL OK
Execution requete OK
Execution affichage OK
Fermeture connexion OK
java.lang.ClassNotFoundException: sun.jdbc.odbc.JdbcOdbcDriver
	at org.apache.catalina.loader.WebappClassLoader.loadClass(WebappClassLoader.java:1320)
	at org.apache.catalina.loader.WebappClassLoader.loadClass(WebappClassLoader.java:1173)
	at java.lang.Class.forName0(Native Method)
	at java.lang.Class.forName(Class.java:264)
	at ListerA.service(ListerA.java:51)
	at javax.servlet.http.HttpServlet.service(HttpServlet.java:725)
	at org.apache.catalina.core.ApplicationFilterChain.internalDoFilter(ApplicationFilterChain.java:291)
	at org.apache.catalina.core.ApplicationFilterChain.doFilter(ApplicationFilterChain.java:206)
	at org.apache.tomcat.websocket.server.WsFilter.doFilter(WsFilter.java:52)
	at org.apache.catalina.core.ApplicationFilterChain.internalDoFilter(ApplicationFilterChain.java:239)
	at org.apache.catalina.core.ApplicationFilterChain.doFilter(ApplicationFilterChain.java:206)
	at org.apache.catalina.core.StandardWrapperValve.invoke(StandardWrapperValve.java:219)
	at org.apache.catalina.core.StandardContextValve.invoke(StandardContextValve.java:106)
	at org.apache.catalina.authenticator.AuthenticatorBase.invoke(AuthenticatorBase.java:505)
	at org.apache.catalina.core.StandardHostValve.invoke(StandardHostValve.java:142)
	at org.apache.catalina.valves.ErrorReportValve.invoke(ErrorReportValve.java:79)
	at org.apache.catalina.valves.AbstractAccessLogValve.invoke(AbstractAccessLogValve.java:610)
	at org.apache.catalina.core.StandardEngineValve.invoke(StandardEngineValve.java:88)
	at org.apache.catalina.connector.CoyoteAdapter.service(CoyoteAdapter.java:534)
	at org.apache.coyote.http11.AbstractHttp11Processor.process(AbstractHttp11Processor.java:1081)
	at org.apache.coyote.AbstractProtocol$AbstractConnectionHandler.process(AbstractProtocol.java:658)
	at org.apache.coyote.http11.Http11NioProtocol$Http11ConnectionHandler.process(Http11NioProtocol.java:222)
	at org.apache.tomcat.util.net.NioEndpoint$SocketProcessor.doRun(NioEndpoint.java:1566)
	at org.apache.tomcat.util.net.NioEndpoint$SocketProcessor.run(NioEndpoint.java:1523)
	at java.util.concurrent.ThreadPoolExecutor.runWorker(ThreadPoolExecutor.java:1142)
	at java.util.concurrent.ThreadPoolExecutor$Worker.run(ThreadPoolExecutor.java:617)
	at org.apache.tomcat.util.threads.TaskThread$WrappingRunnable.run(TaskThread.java:61)
	at java.lang.Thread.run(Thread.java:745)
!!!!!!Erreur driver
21-Oct-2016 10:43:51.897 INFO [ContainerBackgroundProcessor[StandardEngine[Catalina]]] org.apache.catalina.core.StandardContext.reload Le rechargement du contexte [/vide] a démarré
21-Oct-2016 10:43:52.028 INFO [ContainerBackgroundProcessor[StandardEngine[Catalina]]] org.apache.catalina.core.StandardContext.reload Le rechargement de ce contexte est terminé
Connexion driver OK
Connexion base PostreSQL OK
Execution requete OK
Execution affichage OK
Fermeture connexion OK
Connexion driver OK
Connexion base PostreSQL OK
Execution requete OK
Execution affichage OK
Fermeture connexion OK
Connexion driver OK
Connexion base PostreSQL OK
Execution requete OK
Execution affichage OK
Fermeture connexion OK
Connexion driver OK
Connexion base PostreSQL OK
Execution requete OK
Execution affichage OK
Fermeture connexion OK
Connexion driver OK
Connexion base PostreSQL OK
Execution requete OK
Execution affichage OK
Fermeture connexion OK
Connexion driver OK
Connexion base PostreSQL OK
Execution requete OK
Execution affichage OK
Fermeture connexion OK
Connexion driver OK
Connexion base PostreSQL OK
Execution requete OK
Execution affichage OK
Fermeture connexion OK
Connexion driver OK
Connexion base PostreSQL OK
Execution requete OK
Execution affichage OK
Fermeture connexion OK
Connexion driver OK
Connexion base PostreSQL OK
Execution requete OK
Execution affichage OK
Fermeture connexion OK
Connexion driver OK
Connexion base PostreSQL OK
Execution requete OK
Execution affichage OK
Fermeture connexion OK
Connexion driver OK
Connexion base PostreSQL OK
Execution requete OK
Execution affichage OK
Fermeture connexion OK
Connexion driver OK
Connexion base PostreSQL OK
Execution requete OK
Execution affichage OK
Fermeture connexion OK
21-Oct-2016 10:49:52.205 INFO [ContainerBackgroundProcessor[StandardEngine[Catalina]]] org.apache.catalina.core.StandardContext.reload Le rechargement du contexte [/vide] a démarré
21-Oct-2016 10:49:52.329 INFO [ContainerBackgroundProcessor[StandardEngine[Catalina]]] org.apache.catalina.core.StandardContext.reload Le rechargement de ce contexte est terminé
Connexion driver OK
Connexion base PostreSQL OK
Execution requete OK
Execution affichage OK
Fermeture connexion OK
Connexion driver OK
Connexion base PostreSQL OK
Execution requete OK
Execution affichage OK
Fermeture connexion OK
Connexion driver OK
Connexion base PostreSQL OK
Execution requete OK
Execution affichage OK
Fermeture connexion OK
21-Oct-2016 11:05:42.765 INFO [ContainerBackgroundProcessor[StandardEngine[Catalina]]] org.apache.catalina.core.StandardContext.reload Le rechargement du contexte [/vide] a démarré
21-Oct-2016 11:05:42.872 INFO [ContainerBackgroundProcessor[StandardEngine[Catalina]]] org.apache.catalina.core.StandardContext.reload Le rechargement de ce contexte est terminé
Connexion driver OK
Connexion base PostreSQL OK
Execution requete OK
Execution affichage OK
Fermeture connexion OK
Connexion driver OK
Connexion base PostreSQL OK
Execution requete OK
Execution affichage OK
Fermeture connexion OK
Connexion driver OK
Connexion base PostreSQL OK
Execution requete OK
Execution affichage OK
Fermeture connexion OK
Connexion driver OK
Connexion base PostreSQL OK
Execution requete OK
Execution affichage OK
Fermeture connexion OK
Connexion driver OK
Connexion base PostreSQL OK
Execution requete OK
Execution affichage OK
Fermeture connexion OK
Connexion driver OK
Connexion base PostreSQL OK
Execution requete OK
Execution affichage OK
Fermeture connexion OK
Connexion driver OK
Connexion base PostreSQL OK
Execution requete OK
Execution affichage OK
Fermeture connexion OK
Connexion driver OK
Connexion base PostreSQL OK
Execution requete OK
Execution affichage OK
Fermeture connexion OK
21-Oct-2016 21:00:01.747 INFO [Thread-5] org.apache.coyote.AbstractProtocol.pause Pausing ProtocolHandler ["http-nio-8080"]
21-Oct-2016 21:00:01.752 INFO [Thread-5] org.apache.coyote.AbstractProtocol.pause Pausing ProtocolHandler ["ajp-nio-8009"]
21-Oct-2016 21:00:01.752 INFO [Thread-5] org.apache.catalina.core.StandardService.stopInternal Arrêt du service Catalina
21-Oct-2016 21:00:01.783 INFO [Thread-5] org.apache.coyote.AbstractProtocol.stop Stopping ProtocolHandler ["http-nio-8080"]
21-Oct-2016 21:00:01.786 INFO [Thread-5] org.apache.coyote.AbstractProtocol.stop Stopping ProtocolHandler ["ajp-nio-8009"]
21-Oct-2016 21:00:01.787 INFO [Thread-5] org.apache.coyote.AbstractProtocol.destroy Destroying ProtocolHandler ["http-nio-8080"]
21-Oct-2016 21:00:01.789 INFO [Thread-5] org.apache.coyote.AbstractProtocol.destroy Destroying ProtocolHandler ["ajp-nio-8009"]
